{"/Users/huriatabonillapena/Projects/guidemygrid/src/services/gridGenerator.ts": {"path":"/Users/huriatabonillapena/Projects/guidemygrid/src/services/gridGenerator.ts","statementMap":{"0":{"start":{"line":12,"column":0},"end":{"line":12,"column":16}},"1":{"start":{"line":7,"column":4},"end":{"line":7,"column":19}},"2":{"start":{"line":8,"column":4},"end":{"line":8,"column":38}},"3":{"start":{"line":5,"column":0},"end":{"line":5,"column":13}},"4":{"start":{"line":16,"column":54},"end":{"line":16,"column":61}},"5":{"start":{"line":17,"column":29},"end":{"line":17,"column":31}},"6":{"start":{"line":18,"column":31},"end":{"line":18,"column":33}},"7":{"start":{"line":21,"column":2},"end":{"line":48,"column":3}},"8":{"start":{"line":22,"column":88},"end":{"line":22,"column":102}},"9":{"start":{"line":23,"column":27},"end":{"line":23,"column":59}},"10":{"start":{"line":25,"column":4},"end":{"line":29,"column":5}},"11":{"start":{"line":26,"column":6},"end":{"line":28,"column":8}},"12":{"start":{"line":32,"column":6},"end":{"line":34,"column":61}},"13":{"start":{"line":36,"column":4},"end":{"line":40,"column":5}},"14":{"start":{"line":37,"column":6},"end":{"line":39,"column":8}},"15":{"start":{"line":42,"column":4},"end":{"line":47,"column":5}},"16":{"start":{"line":42,"column":17},"end":{"line":42,"column":18}},"17":{"start":{"line":43,"column":19},"end":{"line":43,"column":65}},"18":{"start":{"line":44,"column":20},"end":{"line":44,"column":35}},"19":{"start":{"line":45,"column":6},"end":{"line":45,"column":50}},"20":{"start":{"line":46,"column":6},"end":{"line":46,"column":51}},"21":{"start":{"line":51,"column":2},"end":{"line":78,"column":3}},"22":{"start":{"line":52,"column":81},"end":{"line":52,"column":92}},"23":{"start":{"line":53,"column":28},"end":{"line":53,"column":61}},"24":{"start":{"line":55,"column":4},"end":{"line":59,"column":5}},"25":{"start":{"line":56,"column":6},"end":{"line":58,"column":8}},"26":{"start":{"line":62,"column":6},"end":{"line":64,"column":56}},"27":{"start":{"line":66,"column":4},"end":{"line":70,"column":5}},"28":{"start":{"line":67,"column":6},"end":{"line":69,"column":8}},"29":{"start":{"line":72,"column":4},"end":{"line":77,"column":5}},"30":{"start":{"line":72,"column":17},"end":{"line":72,"column":18}},"31":{"start":{"line":73,"column":18},"end":{"line":73,"column":62}},"32":{"start":{"line":74,"column":21},"end":{"line":74,"column":34}},"33":{"start":{"line":75,"column":6},"end":{"line":75,"column":51}},"34":{"start":{"line":76,"column":6},"end":{"line":76,"column":54}},"35":{"start":{"line":81,"column":2},"end":{"line":87,"column":3}},"36":{"start":{"line":82,"column":41},"end":{"line":82,"column":55}},"37":{"start":{"line":83,"column":4},"end":{"line":83,"column":35}},"38":{"start":{"line":84,"column":4},"end":{"line":84,"column":47}},"39":{"start":{"line":85,"column":4},"end":{"line":85,"column":34}},"40":{"start":{"line":86,"column":4},"end":{"line":86,"column":43}},"41":{"start":{"line":89,"column":2},"end":{"line":92,"column":4}},"42":{"start":{"line":90,"column":52},"end":{"line":90,"column":57}},"43":{"start":{"line":91,"column":56},"end":{"line":91,"column":61}}},"fnMap":{"0":{"name":"(anonymous_0)","decl":{"start":{"line":6,"column":2},"end":{"line":6,"column":14}},"loc":{"start":{"line":6,"column":29},"end":{"line":9,"column":3}}},"1":{"name":"generateGuides","decl":{"start":{"line":12,"column":16},"end":{"line":12,"column":30}},"loc":{"start":{"line":14,"column":80},"end":{"line":93,"column":1}}},"2":{"name":"(anonymous_2)","decl":{"start":{"line":90,"column":42},"end":{"line":90,"column":43}},"loc":{"start":{"line":90,"column":52},"end":{"line":90,"column":57}}},"3":{"name":"(anonymous_3)","decl":{"start":{"line":91,"column":46},"end":{"line":91,"column":47}},"loc":{"start":{"line":91,"column":56},"end":{"line":91,"column":61}}}},"branchMap":{"0":{"loc":{"start":{"line":16,"column":25},"end":{"line":16,"column":36}},"type":"default-arg","locations":[{"start":{"line":16,"column":35},"end":{"line":16,"column":36}}]},"1":{"loc":{"start":{"line":16,"column":38},"end":{"line":16,"column":49}},"type":"default-arg","locations":[{"start":{"line":16,"column":48},"end":{"line":16,"column":49}}]},"2":{"loc":{"start":{"line":21,"column":2},"end":{"line":48,"column":3}},"type":"if","locations":[{"start":{"line":21,"column":2},"end":{"line":48,"column":3}}]},"3":{"loc":{"start":{"line":25,"column":4},"end":{"line":29,"column":5}},"type":"if","locations":[{"start":{"line":25,"column":4},"end":{"line":29,"column":5}}]},"4":{"loc":{"start":{"line":32,"column":6},"end":{"line":34,"column":61}},"type":"cond-expr","locations":[{"start":{"line":33,"column":10},"end":{"line":33,"column":26}},{"start":{"line":34,"column":10},"end":{"line":34,"column":61}}]},"5":{"loc":{"start":{"line":36,"column":4},"end":{"line":40,"column":5}},"type":"if","locations":[{"start":{"line":36,"column":4},"end":{"line":40,"column":5}}]},"6":{"loc":{"start":{"line":51,"column":2},"end":{"line":78,"column":3}},"type":"if","locations":[{"start":{"line":51,"column":2},"end":{"line":78,"column":3}}]},"7":{"loc":{"start":{"line":55,"column":4},"end":{"line":59,"column":5}},"type":"if","locations":[{"start":{"line":55,"column":4},"end":{"line":59,"column":5}}]},"8":{"loc":{"start":{"line":62,"column":6},"end":{"line":64,"column":56}},"type":"cond-expr","locations":[{"start":{"line":63,"column":10},"end":{"line":63,"column":24}},{"start":{"line":64,"column":10},"end":{"line":64,"column":56}}]},"9":{"loc":{"start":{"line":66,"column":4},"end":{"line":70,"column":5}},"type":"if","locations":[{"start":{"line":66,"column":4},"end":{"line":70,"column":5}}]},"10":{"loc":{"start":{"line":81,"column":2},"end":{"line":87,"column":3}},"type":"if","locations":[{"start":{"line":81,"column":2},"end":{"line":87,"column":3}}]}},"s":{"0":1,"1":3,"2":3,"3":1,"4":14,"5":14,"6":14,"7":14,"8":8,"9":8,"10":8,"11":1,"12":7,"13":7,"14":1,"15":6,"16":6,"17":24,"18":24,"19":24,"20":24,"21":12,"22":4,"23":4,"24":4,"25":1,"26":3,"27":3,"28":0,"29":3,"30":3,"31":8,"32":8,"33":8,"34":8,"35":11,"36":1,"37":1,"38":1,"39":1,"40":1,"41":11,"42":29,"43":11},"f":{"0":3,"1":14,"2":29,"3":11},"b":{"0":[13],"1":[13],"2":[8],"3":[1],"4":[2,5],"5":[1],"6":[4],"7":[1],"8":[1,2],"9":[0],"10":[1]}}
,"/Users/huriatabonillapena/Projects/guidemygrid/src/types/grid.types.ts": {"path":"/Users/huriatabonillapena/Projects/guidemygrid/src/types/grid.types.ts","statementMap":{"0":{"start":{"line":54,"column":13},"end":{"line":62,"column":2}},"1":{"start":{"line":64,"column":13},"end":{"line":72,"column":2}},"2":{"start":{"line":74,"column":13},"end":{"line":80,"column":2}},"3":{"start":{"line":82,"column":13},"end":{"line":88,"column":2}}},"fnMap":{},"branchMap":{},"s":{"0":1,"1":1,"2":1,"3":1},"f":{},"b":{}}
,"/Users/huriatabonillapena/Projects/guidemygrid/src/types/index.ts": {"path":"/Users/huriatabonillapena/Projects/guidemygrid/src/types/index.ts","statementMap":{"0":{"start":{"line":1,"column":0},"end":{"line":1,"column":29}},"1":{"start":{"line":2,"column":0},"end":{"line":2,"column":31}},"2":{"start":{"line":3,"column":0},"end":{"line":3,"column":34}},"3":{"start":{"line":4,"column":0},"end":{"line":4,"column":32}},"4":{"start":{"line":5,"column":0},"end":{"line":5,"column":30}}},"fnMap":{},"branchMap":{},"s":{"0":1,"1":1,"2":1,"3":1,"4":1},"f":{},"b":{}}
}
