TN:
SF:src/services/gridGenerator.ts
FN:6,(anonymous_0)
FN:12,generateGuides
FN:90,(anonymous_2)
FN:91,(anonymous_3)
FNF:4
FNH:4
FNDA:3,(anonymous_0)
FNDA:14,generateGuides
FNDA:29,(anonymous_2)
FNDA:11,(anonymous_3)
DA:5,1
DA:7,3
DA:8,3
DA:12,1
DA:16,14
DA:17,14
DA:18,14
DA:21,14
DA:22,8
DA:23,8
DA:25,8
DA:26,1
DA:32,7
DA:36,7
DA:37,1
DA:42,6
DA:43,24
DA:44,24
DA:45,24
DA:46,24
DA:51,12
DA:52,4
DA:53,4
DA:55,4
DA:56,1
DA:62,3
DA:66,3
DA:67,0
DA:72,3
DA:73,8
DA:74,8
DA:75,8
DA:76,8
DA:81,11
DA:82,1
DA:83,1
DA:84,1
DA:85,1
DA:86,1
DA:89,11
DA:90,29
DA:91,11
LF:42
LH:41
BRDA:16,0,0,13
BRDA:16,1,0,13
BRDA:21,2,0,8
BRDA:25,3,0,1
BRDA:32,4,0,2
BRDA:32,4,1,5
BRDA:36,5,0,1
BRDA:51,6,0,4
BRDA:55,7,0,1
BRDA:62,8,0,1
BRDA:62,8,1,2
BRDA:66,9,0,0
BRDA:81,10,0,1
BRF:13
BRH:12
end_of_record
TN:
SF:src/types/grid.types.ts
FNF:0
FNH:0
DA:54,1
DA:64,1
DA:74,1
DA:82,1
LF:4
LH:4
BRF:0
BRH:0
end_of_record
TN:
SF:src/types/index.ts
FNF:0
FNH:0
DA:1,1
DA:2,1
DA:3,1
DA:4,1
DA:5,1
LF:5
LH:5
BRF:0
BRH:0
end_of_record
